11776
50176
39938
49667
52630
15879
49675
38414
34221
6147
132116
200726
42010
43550
48161
30242
51747
4134
52263
10794
38407
201773
28719
2611
9269
17974
44087
4152
7738
263228
21570
3651
48202
6871
1103
9808
5713
44074
4181
50780
12381
5726
263267
25189
57960
4713
28267
8301
1213
1136
24689
57363
45684
21353
48832
27773
10455
2687
52352
40065
4739
8839
3209
3215
262801
25747
6805
13977
35994
199325
4766
263328
199332
34984
32939
174
29873
4788
6325
22198
27831
37560
701
2519
31424
6849
1221
2764
51490
719
197328
51411
42708
1239
28964
47326
35041
226
47331
60132
3813
14567
38120
56041
42730
196844
35567
13044
3320
51964
42
196865
196866
35371
30982
16135
2907
10967
31500
1299
262932
8470
13591
3352
3356
1821
62240
59682
292
14117
133416
16169
53037
10030
3549
27953
13363
8501
19255
199482
28840
199484
31549
20533
21314
262468
53064
203593
55627
29518
33105
2386
4323
200532
53077
54104
28303
27699
2914
7011
199524
46437
49000
38972
8167
24940
1853
201011
7029
45942
10615
39651
37183
263549
22910
24959
26496
13188
48517
56198
198023
52104
8075
21826
55188
201109
31126
12695
13208
41284
4195
3484
28573
25504
9121
4583
1452
18930
42926
202161
4538
12735
18881
3561
61895
21449
60876
51151
263632
263416
7122
39891
5588
49109
8151
263642
59357
203744
46562
45028
10214
26599
42473
680
7552
26611
6461
26615
132603
31229
50618
