11776
50176
39938
6147
52630
6871
132116
200726
30242
4134
52263
10794
201773
2611
20533
17974
44087
7738
263228
48202
1103
9808
5713
50780
12381
263267
4713
28267
8301
1136
24689
45684
27773
2687
40065
8839
3209
28303
262801
6805
13977
35994
199325
4766
263328
34984
174
4788
6325
22198
37560
1213
48832
1221
197328
51411
10455
47326
35041
226
39651
42730
35567
13044
3320
51964
44074
196866
30982
10967
31500
1299
262932
1821
62240
28964
14117
53037
3549
13363
28840
31549
262468
53064
55627
29518
2386
47331
200532
2914
26599
24940
1853
10615
263549
22910
7552
48517
198023
8075
31126
12695
41284
3484
28573
1452
202161
4538
18881
21449
60876
51151
263632
263416
7122
39891
49109
8151
263642
59357
203744
46562
45028
8167
680
18930
26611
26615
50618
