50176
1
55298
49667
8708
40065
31242
49675
131596
28685
38414
47631
54540
8167
61468
27680
51747
3110
17964
262191
9269
19511
4152
21050
263228
13373
198722
2119
72
17676
48202
10318
9808
5713
15954
10835
600
50780
12381
17506
9829
45671
58984
4713
28267
786
1136
24689
45684
203382
48832
27773
2686
2687
18049
12418
17771
28292
3209
45711
262801
6805
60054
13977
3228
59037
4766
263328
21104
35493
34984
4788
22198
31415
37560
14522
701
6336
6849
61131
1221
42695
41847
2764
39629
719
197328
29906
42708
17623
17625
32475
8928
35041
47331
3813
2792
56041
43754
37611
27884
14061
56046
56047
14064
16629
3320
8452
16135
20746
263436
203317
394511
197906
1299
262932
9498
3356
1821
24863
37153
59682
8551
16169
10030
14127
27953
201011
31549
37183
8075
34279
53064
203593
40778
29518
62287
2386
4323
53077
54104
45916
7738
4837
59504
2914
132453
6503
21353
7018
4583
1853
38120
7029
10615
10986
7552
33155
61317
31626
12695
49550
200429
55188
3225
28573
19871
15600
16841
47524
62887
22087
9644
197556
4538
29119
18881
16322
45510
43937
48073
63949
263416
39891
8151
8100
3549
6628
1509
26599
42473
36842
680
18930
132084
6461
50618
