1
55298
6147
20484
55303
4780
38922
28685
198673
17908
200726
6167
12312
16410
30383
61468
31
22561
45090
25438
6181
4134
42
30764
15026
28719
52232
199735
20533
14390
4152
38972
55306
18101
198722
200429
2119
72
74
50530
10318
4181
26599
26716
12381
200037
53344
60432
4195
29873
41066
8551
8301
52925
45725
24689
262259
8308
3209
10361
198781
12414
34221
51329
12418
17771
15962
26646
55430
262849
30856
45194
196749
22671
196753
49301
2198
4249
59546
14494
30880
34984
4266
32939
174
13341
133296
26801
20658
2529
6325
49335
8376
53433
14522
196797
18622
12479
6336
27680
8391
41160
35017
375
131215
200738
1741
209
8402
51411
18644
22742
10455
204253
2269
47326
23024
35041
226
47331
47332
198885
14566
14567
45433
33001
196844
6866
33007
16491
43250
39155
22773
58322
8447
196865
196866
17451
8452
30982
20746
19159
47374
201773
49426
16659
8470
3801
61317
1161
262191
6431
20768
37153
59682
132827
292
6079
133416
12586
1415
39216
27699
8501
26934
196921
196922
6461
45374
37183
8512
262468
35141
22241
18592
44087
262478
33105
2386
53587
14677
51543
59739
8544
55649
22884
6503
24940
20845
13373
2792
4466
51815
263230
10615
10617
10620
10986
22910
24959
24961
33155
22923
199053
38680
8591
201109
31126
12695
14745
56047
197025
45474
53667
47524
12709
31148
197039
18865
23966
27064
4538
25019
48202
29119
18880
18881
29771
12741
45510
201121
16841
20940
63949
10704
4515
2516
43086
2519
199128
31195
57363
23005
29150
2527
63969
6628
49185
4583
25568
4589
17149
57840
29169
18930
20985
31229
18943
49667
8708
32410
16129
1452
61962
49675
131596
47631
43536
31605
31252
6677
55832
12826
43550
2592
51559
51747
33318
45609
10794
16135
10796
50618
2607
12849
2611
43573
132453
21050
34911
4668
35392
577
43586
9021
31500
12772
12880
27217
10835
600
57946
24445
25180
19898
25184
25185
14946
8803
25189
29286
45671
57960
4713
43626
23148
18403
21104
57970
45684
203382
262932
12735
262780
33405
2686
2687
41601
4739
8839
27277
45711
201360
262801
201362
6805
60054
4761
15003
199325
4766
4768
25712
32107
35493
35953
680
2503
6828
197293
199343
9502
4788
31415
37560
14452
701
31424
6849
51907
199366
33480
29132
2764
39629
719
197328
721
201426
51923
10967
2852
10970
27357
200485
8928
39987
6882
39651
60132
4837
56040
56041
43754
37611
13037
56046
35567
60146
13044
43766
17147
51964
43773
768
21632
18302
13063
41284
47883
8972
203317
41743
786
25122
49940
62231
54040
6939
21277
571
62240
262948
43142
2854
2856
131207
394028
3549
197426
21299
262965
11062
19255
29497
199482
62943
2876
31549
24201
15169
21314
13124
9031
21321
39545
39735
46562
29518
62287
29520
852
43833
54104
31577
2907
45916
21342
5605
39776
21345
2914
7011
199524
26769
199484
7018
5607
45932
203593
45935
43937
29555
199541
45942
3561
52881
60286
58240
19331
13188
13189
56198
28481
52104
25482
28263
11757
35729
15251
45975
13208
11351
394140
15261
25504
9121
27650
11172
56229
50673
6983
25074
23473
11188
50103
21433
52383
23487
50113
62403
56839
48073
7116
21453
9167
7122
39891
43989
203734
7127
31708
50144
59523
19429
13287
31720
9198
28840
13127
132084
35831
36351
11260
21502
54113
50176
11776
39938
264363
25607
11272
4808
9229
197648
44050
132116
13335
42010
58543
5978
52000
58400
48161
3110
52263
44074
38407
56364
33837
46131
9269
19511
263224
17466
263612
263228
31242
13374
21570
523
35908
60485
35911
23930
35914
58443
27724
57389
31822
1103
40065
33875
1111
3160
27738
263264
60513
17506
263267
9318
62567
17512
59504
33899
15468
1136
38841
52339
37054
47843
23673
20804
27773
23679
52352
28864
39097
46214
7303
23404
9355
3215
3216
8728
25747
3225
35994
3228
9374
3269
263328
25761
11426
11427
27817
58539
56495
13489
49550
27831
5307
1213
7029
21353
203969
30923
1221
1222
61029
1224
41847
18978
29906
2496
7381
1239
17625
3292
132321
1251
31972
61895
40618
38120
1257
44267
27884
23791
15600
38133
3320
50427
263421
11363
5381
7430
5384
199212
17623
263436
41574
11535
9488
197906
1299
2559
13591
3352
263450
6703
3356
58653
11550
50463
5408
3361
35377
7470
197935
27953
51763
38197
133001
15672
31626
17726
9535
21826
9541
51084
15695
27984
4323
30036
56665
52570
48328
5470
48479
35371
32098
26983
46437
45969
22759
9583
40305
43146
7545
34170
202108
263549
393740
13695
7552
21889
19842
60651
36228
48517
17799
38283
33491
11662
50577
52630
51097
17816
3484
15774
19871
23969
62887
263801
9644
11693
3502
16285
34224
202161
7602
19893
1463
13754
34236
6389
58272
132547
13767
263626
28107
60876
2637
263632
263416
263634
5588
263637
133713
263642
1500
263645
28127
1505
38370
52475
30180
1509
7654
34279
42473
202218
46573
15854
65009
19956
3573
132603
44542
5631
36352
44546
198023
15879
28170
24075
38414
58895
50710
36375
46618
42927
132698
36384
30242
44581
50780
15916
6122
17974
53109
38457
7738
46672
1602
3651
22085
22087
17676
34380
6871
11855
9808
5713
15954
40533
35769
44634
394511
394844
5726
9823
58640
9829
11878
48743
58984
28267
198252
41313
11888
7784
11648
20089
198267
36478
63103
18049
14754
28292
278
56940
24203
16322
28303
1680
5400
36499
13977
3738
3741
7838
54540
24232
28329
36522
3758
13999
9905
7861
22198
21449
24863
20426
48832
3778
16629
262774
42695
11976
35788
61131
51490
48847
34513
42708
16086
27257
28964
55002
32475
40670
1759
32480
16097
40676
3813
3816
42730
14061
14064
7922
198270
46838
3128
12025
40700
1790
48594
46849
46851
36614
53889
55048
22284
16988
44816
48918
134936
1821
14117
16169
17964
198444
53037
10030
14127
48944
198449
201011
12086
26881
197556
1853
60725
203744
53059
46844
61254
53064
40778
8011
46925
59214
25229
5432
9498
24547
200532
53077
14166
44889
132954
24207
46941
10214
41935
2705
49000
10089
22379
135020
8997
24444
16253
200574
26496
51074
32645
14217
63370
8075
46028
53133
22418
55188
53145
14234
49051
28573
14661
13363
32867
8100
51110
8103
57731
42926
59037
30641
25246
18001
14265
12222
29049
12226
55627
38733
26567
49849
12234
51151
32720
49109
8151
199332
6106
59357
12257
2018
8163
45028
20454
8167
36842
24557
5769
6127
24560
31400
10226
26611
29694
26615
49144
65529
51539
28669
28670
65535
