1
6147
57363
200726
61468
4134
42
57389
28719
20533
4152
38972
2119
72
32098
4181
26716
12381
46437
4195
8301
59504
24689
14452
10361
12414
196753
18592
34984
32939
174
196797
8391
10615
1741
8402
51411
18644
10455
35041
226
4323
14567
33001
196844
6389
196865
196866
30982
20746
10967
201773
278
262191
51490
28964
133416
12586
1415
27699
8501
6461
262468
44087
33105
2386
51539
8551
24940
20845
4466
375
10620
22910
24959
33155
201109
31126
12695
201121
14754
53667
27064
4538
12735
18881
2503
20940
2519
12772
4583
31229
50618
49667
49675
43536
55832
43550
51747
33318
10794
35371
199212
2607
2611
571
2637
13754
25189
51815
57960
4713
45684
203382
39545
2686
2687
53889
4739
262801
201362
6805
15003
199325
4766
199332
680
61895
4788
37560
49849
31424
6849
51907
199366
39629
719
197328
6871
39651
56040
56041
10986
56046
35567
13044
51964
47883
31500
49940
62231
6939
62240
197426
11062
19255
43833
199482
199484
31549
21314
13127
203593
29518
29520
29497
54104
2907
21342
2914
7011
199524
21353
7029
45942
42473
60286
58240
13188
56198
52104
31626
25504
9121
197556
56839
21449
7116
9167
7122
39891
203734
203744
13287
28840
5631
50176
39938
264363
11272
44050
132116
42010
58400
48161
3110
52263
44074
38407
33837
13363
9269
19511
17466
263228
13373
21570
48202
1103
33875
3160
27738
263267
33899
15468
1136
52339
262932
23673
27773
52352
40065
3209
3215
3216
25747
35994
3228
9374
263328
58543
29873
27831
5307
1213
1221
48328
29906
1239
17625
38120
60651
3320
52475
263421
5381
17676
394511
197906
1299
13591
3352
3356
5408
27953
38197
15672
21826
9541
47331
5470
50530
200037
263549
7552
48517
198023
52630
3484
1452
34221
202161
19893
19898
60876
263632
5588
263642
3549
46672
46562
5605
3561
50673
132603
36351
11776
15879
28170
38414
58895
50710
36375
30242
17974
7738
3651
11855
9808
5713
40533
50780
5726
61029
9829
48743
28267
11648
20089
8470
24201
28303
13977
3741
36522
9905
22198
48832
3778
11976
61131
59682
42708
292
41935
3813
42730
14061
46851
16135
55048
44816
1821
14117
16169
53037
10030
201011
1853
50144
53059
53064
8011
200532
53077
46941
49000
8167
36842
200574
26496
51074
8075
55188
41284
28573
8100
8103
42926
12222
55627
51151
49109
8151
59357
8163
10214
26599
6122
26611
26615
28670
65535
